tensor([[ 0.0000, -1.0000, -1.0000,  ..., -1.0000,  6.9194,  1.4443],
        [ 1.0000, -1.0000, -1.0000,  ..., -1.0000, 13.2034,  1.8188],
        [ 1.0000, -1.0000, -1.0000,  ..., -1.0000, 19.4875,  2.1933],
        ...,
        [ 1.0000, -1.0000, -1.0000,  ..., -1.0000, 19.0145, 14.3146],
        [ 2.0000, -1.0000, -1.0000,  ..., 12.9875, 19.1393, 12.3240],
        [ 1.0000, -1.0000, -1.0000,  ..., -1.0000, 19.1393, 12.3240]])
tensor([[0.],
        [1.],
        [1.],
        [1.],
        [2.],
        [1.],
        [2.],
        [1.],
        [2.],
        [1.],
        [1.],
        [2.],
        [1.],
        [1.],
        [1.],
        [2.],
        [1.],
        [1.],
        [2.],
        [1.],
        [2.],
        [1.],
        [1.],
        [0.],
        [1.],
        [1.],
        [1.],
        [1.],
        [1.],
        [1.],
        [1.],
        [1.],
        [0.],
        [1.],
        [1.],
        [1.],
        [1.],
        [0.],
        [1.],
        [1.],
        [1.],
        [1.],
        [0.],
        [1.],
        [1.],
        [1.],
        [1.],
        [0.],
        [1.],
        [1.],
        [1.],
        [1.],
        [0.],
        [1.],
        [1.],
        [1.],
        [1.],
        [1.],
        [1.],
        [0.],
        [1.],
        [1.],
        [1.],
        [1.],
        [1.],
        [1.],
        [0.],
        [1.],
        [1.],
        [1.],
        [1.],
        [1.],
        [1.],
        [0.],
        [1.],
        [1.],
        [1.],
        [1.],
        [0.],
        [1.],
        [1.],
        [1.],
        [1.],
        [1.],
        [1.],
        [0.],
        [1.],
        [1.],
        [1.],
        [2.],
        [1.],
        [0.],
        [1.],
        [1.],
        [1.],
        [1.],
        [1.],
        [1.],
        [0.],
        [1.],
        [1.],
        [1.],
        [1.],
        [1.],
        [1.],
        [0.],
        [1.],
        [1.],
        [1.],
        [1.],
        [1.],
        [1.],
        [0.],
        [1.],
        [1.],
        [2.],
        [1.],
        [1.],
        [2.],
        [1.],
        [1.],
        [2.],
        [1.],
        [1.],
        [1.],
        [1.],
        [1.],
        [1.],
        [1.],
        [1.],
        [1.],
        [0.],
        [1.],
        [1.],
        [1.],
        [1.],
        [0.],
        [1.],
        [1.],
        [1.],
        [2.],
        [1.]])

119547037146038801333356
20
