{'tensors': tensor([[ 0.0000, -1.0000, -1.0000,  ..., -1.0000,  6.9194,  1.4443],
        [ 1.0000, -1.0000, -1.0000,  ..., -1.0000, 13.2034,  1.8188],
        [ 1.0000, -1.0000, -1.0000,  ..., -1.0000, 19.4875,  2.1933],
        ...,
        [ 1.0000, -1.0000, -1.0000,  ..., -1.0000, 19.0145, 14.3146],
        [ 2.0000, -1.0000, -1.0000,  ..., 12.9875, 19.1393, 12.3240],
        [ 1.0000, -1.0000, -1.0000,  ..., -1.0000, 19.1393, 12.3240]]), 'filling': [0, 0, 0, 0, 0, 0, 0, 0, 0, 0, 0, 0, 0, 0, 0, 0, 0, 0]}
[tensor([[  0.,  -1.,  -1.,  -1.,  -1.,  -1.,  23.,  64.,  -1.,  -1.,  -1.,  -1.,
          81., 119.],
        [  1.,  -1.,  -1.,  -1.,  -1.,  -1.,  81., 119.,  -1.,  -1.,  -1.,  -1.,
          81., 119.],
        [  2.,  -1.,  -1.,  -1.,  -1.,  -1.,  81., 119.,  93., 122.,  96., 125.,
         100., 138.],
        [  1.,  -1.,  -1.,  -1.,  -1.,  -1., 100., 138.,  -1.,  -1.,  -1.,  -1.,
          81., 157.],
        [  2.,  -1.,  -1.,  -1.,  -1.,  -1.,  81., 157.,  77., 156.,  74., 156.,
          71., 154.],
        [  2.,  -1.,  -1.,  -1.,  -1.,  -1.,  71., 154.,  59., 147.,  59., 128.,
          71., 121.],
        [  2.,  -1.,  -1.,  -1.,  -1.,  -1.,  71., 121.,  74., 120.,  77., 120.,
          81., 119.],
        [  1.,  -1.,  -1.,  -1.,  -1.,  -1.,  81., 119.,  -1.,  -1.,  -1.,  -1.,
          81., 119.]]), tensor([[  0.,  -1.,  -1.,  -1.,  -1.,  -1.,  23.,  64.,  -1.,  -1.,  -1.,  -1.,
         129., 119.],
        [  1.,  -1.,  -1.,  -1.,  -1.,  -1., 129., 119.,  -1.,  -1.,  -1.,  -1.,
         129., 119.],
        [  2.,  -1.,  -1.,  -1.,  -1.,  -1., 129., 119., 133., 120., 136., 120.,
         139., 121.],
        [  2.,  -1.,  -1.,  -1.,  -1.,  -1., 139., 121., 151., 128., 151., 147.,
         139., 154.],
        [  2.,  -1.,  -1.,  -1.,  -1.,  -1., 139., 154., 136., 156., 133., 156.,
         129., 157.],
        [  1.,  -1.,  -1.,  -1.,  -1.,  -1., 129., 157.,  -1.,  -1.,  -1.,  -1.,
         110., 138.],
        [  2.,  -1.,  -1.,  -1.,  -1.,  -1., 110., 138., 114., 125., 117., 122.,
         129., 119.],
        [  1.,  -1.,  -1.,  -1.,  -1.,  -1., 129., 119.,  -1.,  -1.,  -1.,  -1.,
         129., 119.]]), tensor([[  0.,  -1.,  -1.,  -1.,  -1.,  -1.,  23.,  64.,  -1.,  -1.,  -1.,  -1.,
          83., 124.],
        [  1.,  -1.,  -1.,  -1.,  -1.,  -1.,  83., 124.,  -1.,  -1.,  -1.,  -1.,
          83., 124.],
        [  2.,  -1.,  -1.,  -1.,  -1.,  -1.,  83., 124.,  86., 125.,  89., 125.,
          91., 127.],
        [  2.,  -1.,  -1.,  -1.,  -1.,  -1.,  91., 127.,  98., 134.,  93., 146.,
          83., 146.],
        [  2.,  -1.,  -1.,  -1.,  -1.,  -1.,  83., 146.,  74., 146.,  69., 134.,
          76., 127.],
        [  2.,  -1.,  -1.,  -1.,  -1.,  -1.,  76., 127.,  77., 125.,  81., 125.,
          83., 124.],
        [  1.,  -1.,  -1.,  -1.,  -1.,  -1.,  83., 124.,  -1.,  -1.,  -1.,  -1.,
          83., 124.]]), tensor([[  0.,  -1.,  -1.,  -1.,  -1.,  -1.,  23.,  64.,  -1.,  -1.,  -1.,  -1.,
         132., 124.],
        [  1.,  -1.,  -1.,  -1.,  -1.,  -1., 132., 124.,  -1.,  -1.,  -1.,  -1.,
         132., 124.],
        [  2.,  -1.,  -1.,  -1.,  -1.,  -1., 132., 124., 135., 125., 138., 125.,
         140., 127.],
        [  2.,  -1.,  -1.,  -1.,  -1.,  -1., 140., 127., 147., 134., 142., 146.,
         132., 146.],
        [  2.,  -1.,  -1.,  -1.,  -1.,  -1., 132., 146., 123., 146., 118., 134.,
         124., 127.],
        [  2.,  -1.,  -1.,  -1.,  -1.,  -1., 124., 127., 126., 125., 130., 125.,
         132., 124.],
        [  1.,  -1.,  -1.,  -1.,  -1.,  -1., 132., 124.,  -1.,  -1.,  -1.,  -1.,
         132., 124.]]), tensor([[  0.,  -1.,  -1.,  -1.,  -1.,  -1.,  23.,  64.,  -1.,  -1.,  -1.,  -1.,
         105., 157.],
        [  1.,  -1.,  -1.,  -1.,  -1.,  -1., 105., 157.,  -1.,  -1.,  -1.,  -1.,
         105., 157.],
        [  2.,  -1.,  -1.,  -1.,  -1.,  -1., 105., 157., 111., 157., 124., 158.,
         124., 168.],
        [  2.,  -1.,  -1.,  -1.,  -1.,  -1., 124., 168., 124., 176., 111., 179.,
         105., 178.],
        [  2.,  -1.,  -1.,  -1.,  -1.,  -1., 105., 178.,  99., 178.,  78., 173.,
          89., 162.],
        [  2.,  -1.,  -1.,  -1.,  -1.,  -1.,  89., 162.,  93., 157.,  99., 158.,
         105., 157.],
        [  1.,  -1.,  -1.,  -1.,  -1.,  -1., 105., 157.,  -1.,  -1.,  -1.,  -1.,
         105., 157.]]), tensor([[  0.,  -1.,  -1.,  -1.,  -1.,  -1.,  23.,  64.,  -1.,  -1.,  -1.,  -1.,
          56., 168.],
        [  1.,  -1.,  -1.,  -1.,  -1.,  -1.,  56., 168.,  -1.,  -1.,  -1.,  -1.,
          56., 168.],
        [  2.,  -1.,  -1.,  -1.,  -1.,  -1.,  56., 168.,  53., 169.,  51., 173.,
          48., 173.],
        [  2.,  -1.,  -1.,  -1.,  -1.,  -1.,  48., 173.,  34., 174.,  40., 145.,
          42., 139.],
        [  2.,  -1.,  -1.,  -1.,  -1.,  -1.,  42., 139.,  44., 129.,  48., 119.,
          54., 112.],
        [  2.,  -1.,  -1.,  -1.,  -1.,  -1.,  54., 112.,  60., 104.,  67.,  97.,
          76.,  93.],
        [  2.,  -1.,  -1.,  -1.,  -1.,  -1.,  76.,  93.,  84.,  88.,  94.,  86.,
         105.,  86.],
        [  2.,  -1.,  -1.,  -1.,  -1.,  -1., 105.,  86., 116.,  86., 126.,  88.,
         134.,  93.],
        [  2.,  -1.,  -1.,  -1.,  -1.,  -1., 134.,  93., 143.,  97., 150., 104.,
         156., 112.],
        [  2.,  -1.,  -1.,  -1.,  -1.,  -1., 156., 112., 162., 119., 166., 129.,
         168., 139.],
        [  2.,  -1.,  -1.,  -1.,  -1.,  -1., 168., 139., 170., 145., 176., 174.,
         162., 173.],
        [  2.,  -1.,  -1.,  -1.,  -1.,  -1., 162., 173., 159., 173., 157., 169.,
         154., 168.],
        [  1.,  -1.,  -1.,  -1.,  -1.,  -1., 154., 168.,  -1.,  -1.,  -1.,  -1.,
         154., 168.]]), tensor([[  0.,  -1.,  -1.,  -1.,  -1.,  -1.,  23.,  64.,  -1.,  -1.,  -1.,  -1.,
          94., 168.],
        [  1.,  -1.,  -1.,  -1.,  -1.,  -1.,  94., 168.,  -1.,  -1.,  -1.,  -1.,
          94., 168.],
        [  2.,  -1.,  -1.,  -1.,  -1.,  -1.,  94., 168.,  94., 172.,  94., 177.,
          94., 182.],
        [  2.,  -1.,  -1.,  -1.,  -1.,  -1.,  94., 182.,  93., 188.,  86., 212.,
          76., 195.],
        [  2.,  -1.,  -1.,  -1.,  -1.,  -1.,  76., 195.,  69., 184.,  70., 171.,
          76., 160.],
        [  2.,  -1.,  -1.,  -1.,  -1.,  -1.,  76., 160.,  82., 149.,  92., 140.,
         105., 140.],
        [  2.,  -1.,  -1.,  -1.,  -1.,  -1., 105., 140., 114., 140., 122., 144.,
         128., 150.],
        [  2.,  -1.,  -1.,  -1.,  -1.,  -1., 128., 150., 134., 156., 137., 164.,
         138., 173.],
        [  2.,  -1.,  -1.,  -1.,  -1.,  -1., 138., 173., 138., 182., 138., 198.,
         127., 200.],
        [  2.,  -1.,  -1.,  -1.,  -1.,  -1., 127., 200., 114., 203., 116., 172.,
         116., 168.],
        [  1.,  -1.,  -1.,  -1.,  -1.,  -1., 116., 168.,  -1.,  -1.,  -1.,  -1.,
         116., 168.]]), tensor([[  0.,  -1.,  -1.,  -1.,  -1.,  -1.,  23.,  64.,  -1.,  -1.,  -1.,  -1.,
          45., 173.],
        [  1.,  -1.,  -1.,  -1.,  -1.,  -1.,  45., 173.,  -1.,  -1.,  -1.,  -1.,
          45., 195.]]), tensor([[  0.,  -1.,  -1.,  -1.,  -1.,  -1.,  23.,  64.,  -1.,  -1.,  -1.,  -1.,
          94., 195.],
        [  1.,  -1.,  -1.,  -1.,  -1.,  -1.,  94., 195.,  -1.,  -1.,  -1.,  -1.,
         116., 195.]]), tensor([[  0.,  -1.,  -1.,  -1.,  -1.,  -1.,  23.,  64.,  -1.,  -1.,  -1.,  -1.,
         165., 173.],
        [  1.,  -1.,  -1.,  -1.,  -1.,  -1., 165., 173.,  -1.,  -1.,  -1.,  -1.,
         165., 195.]])]
